2020-12-04 11:58:10,387 INFO  [log] TestCase1
2020-12-04 11:58:10,400 INFO  [log] TestSuite2
2020-12-04 11:58:10,406 INFO  [log] <soap:Envelope xmlns:soap="http://www.w3.org/2003/05/soap-envelope" xmlns:def="http://soap.upskills.in/soap/default?services=customerCustomerRepositoryV1">
   <soap:Header/>
   <soap:Body>
      <def:customerCustomerRepositoryV1SaveRequest>
         <customer>
            <!--email should be unique for each request-->
            <email>johndoervtd@gmail.com</email>
            <firstname>John</firstname>
            <lastname>Doe</lastname>
            <dob>1990-05-29</dob>
            <addresses>
               <item>
                  <region>
                     <!--enter valid region code-->
                     <regionCode>KA</regionCode>
                     <region>Karnataka</region>
                  </region>
                  <!--enter valid country id-->
                  <countryId>IN</countryId>
                  <street>
                     <item>#55, 1 st Main Road</item>
                  </street>
                  <telephone>+91 9876543210</telephone>
                  <postcode>560023</postcode>
                  <city>Bengaluru</city>
                  <firstname>John</firstname>
                  <lastname>Doe</lastname>
                  <defaultShipping>true</defaultShipping>
                  <defaultBilling>true</defaultBilling>
               </item>
            </addresses>
         </customer>
      </def:customerCustomerRepositoryV1SaveRequest>
   </soap:Body>
</soap:Envelope>
2020-12-04 11:58:10,476 INFO  [log] johndoervtd@gmail.com
2020-12-04 11:58:10,477 INFO  [log] John
2020-12-04 11:58:10,478 INFO  [log] Doe
2020-12-04 11:58:10,506 INFO  [log] <soap:Envelope xmlns:soap="http://www.w3.org/2003/05/soap-envelope" xmlns:def="http://soap.upskills.in/soap/default?services=customerCustomerRepositoryV1">
   <soap:Header/>
   <soap:Body>
      <def:customerCustomerRepositoryV1SaveRequest>
         <customer>
            <!--email should be unique for each request-->
            <email>johndoervtd@gmail.com</email>
            <firstname>John</firstname>
            <lastname>Doe</lastname>
            <dob>1990-05-29</dob>
            <addresses>
               <item>
                  <region>
                     <!--enter valid region code-->
                     <regionCode>KA</regionCode>
                     <region>Karnataka</region>
                  </region>
                  <!--enter valid country id-->
                  <countryId>IN</countryId>
                  <street>
                     <item>#55, 1 st Main Road</item>
                  </street>
                  <telephone>+91 9876543210</telephone>
                  <postcode>560023</postcode>
                  <city>Bengaluru</city>
                  <firstname>John</firstname>
                  <lastname>Doe</lastname>
                  <defaultShipping>true</defaultShipping>
                  <defaultBilling>true</defaultBilling>
               </item>
            </addresses>
         </customer>
      </def:customerCustomerRepositoryV1SaveRequest>
   </soap:Body>
</soap:Envelope>
2020-12-04 11:58:11,629 INFO  [log] <env:Envelope xmlns:env="http://www.w3.org/2003/05/soap-envelope" xmlns:ns1="http://soap.upskills.in/soap/default?services=customerCustomerRepositoryV1">
   <env:Body>
      <ns1:customerCustomerRepositoryV1SaveResponse>
         <result>
            <id>6468</id>
            <groupId>1</groupId>
            <defaultBilling>4824</defaultBilling>
            <defaultShipping>4824</defaultShipping>
            <createdAt>2020-12-04 06:28:18</createdAt>
            <updatedAt>2020-12-04 06:28:18</updatedAt>
            <createdIn>Default Store View</createdIn>
            <dob>1990-05-29</dob>
            <email>johndoervtd@gmail.com</email>
            <firstname>John</firstname>
            <lastname>Doe</lastname>
            <storeId>1</storeId>
            <websiteId>1</websiteId>
            <addresses>
               <item>
                  <id>4824</id>
                  <customerId>6468</customerId>
                  <region>
                     <regionCode>Karnataka</regionCode>
                     <region>Karnataka</region>
                     <regionId>0</regionId>
                  </region>
                  <regionId>0</regionId>
                  <countryId>IN</countryId>
                  <street>
                     <item>#55, 1 st Main Road</item>
                  </street>
                  <telephone>+91 9876543210</telephone>
                  <postcode>560023</postcode>
                  <city>Bengaluru</city>
                  <firstname>John</firstname>
                  <lastname>Doe</lastname>
                  <defaultShipping>true</defaultShipping>
                  <defaultBilling>true</defaultBilling>
               </item>
            </addresses>
            <disableAutoGroupChange>0</disableAutoGroupChange>
            <extensionAttributes>
               <isSubscribed>false</isSubscribed>
            </extensionAttributes>
         </result>
      </ns1:customerCustomerRepositoryV1SaveResponse>
   </env:Body>
</env:Envelope>
2020-12-04 11:58:11,694 INFO  [log] 6468
2020-12-04 11:58:49,325 INFO  [log] <soap:Envelope xmlns:soap="http://www.w3.org/2003/05/soap-envelope" xmlns:def="http://soap.upskills.in/soap/default?services=customerCustomerRepositoryV1">
   <soap:Header/>
   <soap:Body>
      <def:customerCustomerRepositoryV1GetByIdRequest>
         <customerId>6466</customerId>
      </def:customerCustomerRepositoryV1GetByIdRequest>
   </soap:Body>
</soap:Envelope>
2020-12-04 11:58:49,328 INFO  [log] <soap:Envelope xmlns:soap="http://www.w3.org/2003/05/soap-envelope" xmlns:def="http://soap.upskills.in/soap/default?services=customerCustomerRepositoryV1">
   <soap:Header/>
   <soap:Body>
      <def:customerCustomerRepositoryV1GetByIdRequest>
         <customerId>6468</customerId>
      </def:customerCustomerRepositoryV1GetByIdRequest>
   </soap:Body>
</soap:Envelope>
2020-12-04 11:58:52,843 INFO  [log] <soap:Envelope xmlns:soap="http://www.w3.org/2003/05/soap-envelope" xmlns:def="http://soap.upskills.in/soap/default?services=customerCustomerRepositoryV1">
   <soap:Header/>
   <soap:Body>
      <def:customerCustomerRepositoryV1DeleteByIdRequest>
         <customerId>6466</customerId>
      </def:customerCustomerRepositoryV1DeleteByIdRequest>
   </soap:Body>
</soap:Envelope>
2020-12-04 11:58:52,848 INFO  [log] <soap:Envelope xmlns:soap="http://www.w3.org/2003/05/soap-envelope" xmlns:def="http://soap.upskills.in/soap/default?services=customerCustomerRepositoryV1">
   <soap:Header/>
   <soap:Body>
      <def:customerCustomerRepositoryV1DeleteByIdRequest>
         <customerId>6468</customerId>
      </def:customerCustomerRepositoryV1DeleteByIdRequest>
   </soap:Body>
</soap:Envelope>
